<?xml version="1.0" encoding="UTF-8"?>
<!-- Generated by org.testng.reporters.JUnitReportReporter -->
<testsuite hostname="US-PF2HXKRR" name="Test1.amazon" tests="1" failures="0" timestamp="12 Aug 2022 09:26:21 GMT" time="6.460" errors="0">
  <testcase name="function1" time="6.460" classname="Test1.amazon"/>
</testsuite> <!-- Test1.amazon -->
